2023-02-11 19:31:45,199 [org.springframework.scheduling.quartz.SchedulerFactoryBean#0_Worker-1] |CRON|START|BUNDLOR|QWJR|UnknownHost:7150|NA|NA|NA|NA|NA|0|NA|
2023-02-11 19:31:45,208 [org.springframework.scheduling.quartz.SchedulerFactoryBean#0_Worker-1] |CRON|PROCESSING|BUNDLOR|QWJR|UnknownHost:7150|NA|NA|NA|NA|NA|4|REFRESH_CONFIGURATION_ONLINE_HANDLER|
2023-02-11 19:31:45,209 [org.springframework.scheduling.quartz.SchedulerFactoryBean#0_Worker-1] |CRON|PROCESSING|BUNDLOR|QWJR|UnknownHost:7150|NA|NA|NA|NA|NA|0|REFRESH_CONFIGURATION_BATCH_HANDLER|
2023-02-11 19:31:45,212 [org.springframework.scheduling.quartz.SchedulerFactoryBean#0_Worker-1] |CRON|PROCESSING|BUNDLOR|QWJR|UnknownHost:7150|NA|NA|NA|NA|NA|0|REFRESH_CREDENTIALS_ONLINE_HANDLER|
2023-02-11 19:31:45,212 [org.springframework.scheduling.quartz.SchedulerFactoryBean#0_Worker-1] |CRON|PROCESSING|BUNDLOR|QWJR|UnknownHost:7150|NA|NA|NA|NA|NA|0|REFRESH_CREDENTIALS_BATCH_HANDLER|
2023-02-11 19:31:45,696 [org.springframework.scheduling.quartz.SchedulerFactoryBean#0_Worker-1] |CRON|PROCESSING|BUNDLOR|QWJR|UnknownHost:7150|NA|NA|NA|NA|NA|483|REFRESH_ARCHITECTURE_LIBRARIES_NONMODIFIABLE_ONLINE|
2023-02-11 19:31:45,702 [org.springframework.scheduling.quartz.SchedulerFactoryBean#0_Worker-1] |CRON|PROCESSING|BUNDLOR|QWJR|UnknownHost:7150|NA|NA|NA|NA|NA|5|REFRESH_ARCHITECTURE_LIBRARIES_DYNAMIC_ONLINE|
2023-02-11 19:31:45,704 [org.springframework.scheduling.quartz.SchedulerFactoryBean#0_Worker-1] |CRON|PROCESSING|BUNDLOR|QWJR|UnknownHost:7150|NA|NA|NA|NA|NA|1|REFRESH_ARCHITECTURE_LIBRARIES_THIRDPARTY_ONLINE|
2023-02-11 19:31:45,705 [org.springframework.scheduling.quartz.SchedulerFactoryBean#0_Worker-1] |CRON|PROCESSING|BUNDLOR|QWJR|UnknownHost:7150|NA|NA|NA|NA|NA|1|REFRESH_ARCHITECTURE_LIBRARIES_NONMODIFIABLE_BATCH|
2023-02-11 19:31:45,706 [org.springframework.scheduling.quartz.SchedulerFactoryBean#0_Worker-1] |CRON|PROCESSING|BUNDLOR|QWJR|UnknownHost:7150|NA|NA|NA|NA|NA|1|REFRESH_ARCHITECTURE_LIBRARIES_DYNAMIC_BATCH|
2023-02-11 19:31:45,707 [org.springframework.scheduling.quartz.SchedulerFactoryBean#0_Worker-1] |CRON|PROCESSING|BUNDLOR|QWJR|UnknownHost:7150|NA|NA|NA|NA|NA|1|REFRESH_ARCHITECTURE_LIBRARIES_THIRDPARTY_BATCH|
2023-02-11 19:31:46,173 [org.springframework.scheduling.quartz.SchedulerFactoryBean#0_Worker-1] |PERSIST|CREATE|ONLINE|APXONLINE|UnknownHost:7150|NA|NA|NA|NA|NA|1676143906052|KPNKR001.jar|
2023-02-11 19:31:46,700 [org.springframework.scheduling.quartz.SchedulerFactoryBean#0_Worker-1] |PERSIST|CREATE|ONLINE|APXONLINE|UnknownHost:7150|NA|NA|NA|NA|NA|1676143906539|KPNKR001IMPL.jar|
2023-02-11 19:31:46,939 [org.springframework.scheduling.quartz.SchedulerFactoryBean#0_Worker-1] |CRON|PROCESSING|BUNDLOR|QWJR|UnknownHost:7150|NA|NA|NA|NA|NA|1232|REFRESH_CROSSLIBRARIES|
2023-02-11 19:31:47,074 [org.springframework.scheduling.quartz.SchedulerFactoryBean#0_Worker-1] |PERSIST|CREATE|ONLINE|P12R|UnknownHost:7150|NA|NA|NA|NA|NA|1668950977000|P12RCLON.jar|
2023-02-11 19:31:47,093 [org.springframework.scheduling.quartz.SchedulerFactoryBean#0_Worker-1] |PERSIST|CREATE|ONLINE|P12R|UnknownHost:7150|NA|NA|NA|NA|NA|1668950977000|P12RCNTF.jar|
2023-02-11 19:31:47,102 [org.springframework.scheduling.quartz.SchedulerFactoryBean#0_Worker-1] |PERSIST|CREATE|ONLINE|P12R|UnknownHost:7150|NA|NA|NA|NA|NA|1668950977000|P12RCNMA.jar|
2023-02-11 19:31:47,113 [org.springframework.scheduling.quartz.SchedulerFactoryBean#0_Worker-1] |PERSIST|CREATE|ONLINE|P12R|UnknownHost:7150|NA|NA|NA|NA|NA|1668950977000|P12RCNMB.jar|
2023-02-11 19:31:47,122 [org.springframework.scheduling.quartz.SchedulerFactoryBean#0_Worker-1] |CRON|PROCESSING|BUNDLOR|QWJR|UnknownHost:7150|NA|NA|NA|NA|NA|182|REFRESH_BINARY_HANDLER|
2023-02-11 19:31:47,131 [org.springframework.scheduling.quartz.SchedulerFactoryBean#0_Worker-1] |CRON|PROCESSING|BUNDLOR|QWJR|UnknownHost:7150|NA|NA|NA|NA|NA|8|REFRESH_SERVICES_HANDLER|
2023-02-11 19:31:47,187 [org.springframework.scheduling.quartz.SchedulerFactoryBean#0_Worker-1] |PERSIST|CREATE|ONLINE|P12R|UnknownHost:7150|NA|NA|NA|NA|NA|1668950977000|P12RT501-01-PE.jar|
2023-02-11 19:31:47,203 [org.springframework.scheduling.quartz.SchedulerFactoryBean#0_Worker-1] |PERSIST|CREATE|ONLINE|P12R|UnknownHost:7150|NA|NA|NA|NA|NA|1668950977000|P12RT666-01-PE.jar|
2023-02-11 19:31:47,238 [org.springframework.scheduling.quartz.SchedulerFactoryBean#0_Worker-1] |PERSIST|CREATE|ONLINE|QWPU|UnknownHost:7150|NA|NA|NA|NA|NA|1668950977000|QWPUT000-01-ES.jar|
2023-02-11 19:31:47,257 [org.springframework.scheduling.quartz.SchedulerFactoryBean#0_Worker-1] |CRON|PROCESSING|BUNDLOR|QWJR|UnknownHost:7150|NA|NA|NA|NA|NA|126|REFRESH_TRANSACTION_HANDLER|
2023-02-11 19:31:47,368 [org.springframework.scheduling.quartz.SchedulerFactoryBean#0_Worker-1] |PERSIST|CREATE|ONLINE|P12R|UnknownHost:7150|NA|NA|NA|NA|NA|1676143907363|P12RRNMBIMPL.jar|
2023-02-11 19:31:47,400 [org.springframework.scheduling.quartz.SchedulerFactoryBean#0_Worker-1] |PERSIST|CREATE|ONLINE|P12R|UnknownHost:7150|NA|NA|NA|NA|NA|1676143907389|P12RRNMCIMPL.jar|
2023-02-11 19:31:47,425 [org.springframework.scheduling.quartz.SchedulerFactoryBean#0_Worker-1] |PERSIST|CREATE|ONLINE|P12R|UnknownHost:7150|NA|NA|NA|NA|NA|1676143907422|P12RRNMO.jar|
2023-02-11 19:31:47,449 [org.springframework.scheduling.quartz.SchedulerFactoryBean#0_Worker-1] |PERSIST|CREATE|ONLINE|P12R|UnknownHost:7150|NA|NA|NA|NA|NA|1676143907447|P12RRNMAIMPL.jar|
2023-02-11 19:31:47,470 [org.springframework.scheduling.quartz.SchedulerFactoryBean#0_Worker-1] |PERSIST|CREATE|ONLINE|P12R|UnknownHost:7150|NA|NA|NA|NA|NA|1676143907468|P12RR501IMPL.jar|
2023-02-11 19:31:47,480 [org.springframework.scheduling.quartz.SchedulerFactoryBean#0_Worker-1] |PERSIST|CREATE|ONLINE|P12R|UnknownHost:7150|NA|NA|NA|NA|NA|1676143907477|P12RR501.jar|
2023-02-11 19:31:47,488 [org.springframework.scheduling.quartz.SchedulerFactoryBean#0_Worker-1] |PERSIST|CREATE|ONLINE|P12R|UnknownHost:7150|NA|NA|NA|NA|NA|1676143907487|P12RRLONIMPL.jar|
2023-02-11 19:31:47,499 [org.springframework.scheduling.quartz.SchedulerFactoryBean#0_Worker-1] |PERSIST|CREATE|ONLINE|P12R|UnknownHost:7150|NA|NA|NA|NA|NA|1676143907498|P12RRNMOIMPL.jar|
2023-02-11 19:31:47,517 [org.springframework.scheduling.quartz.SchedulerFactoryBean#0_Worker-1] |PERSIST|CREATE|ONLINE|P12R|UnknownHost:7150|NA|NA|NA|NA|NA|1676143907513|P12RRNMA.jar|
2023-02-11 19:31:47,528 [org.springframework.scheduling.quartz.SchedulerFactoryBean#0_Worker-1] |PERSIST|CREATE|ONLINE|P12R|UnknownHost:7150|NA|NA|NA|NA|NA|1676143907527|P12RRNMB.jar|
2023-02-11 19:31:47,541 [org.springframework.scheduling.quartz.SchedulerFactoryBean#0_Worker-1] |PERSIST|CREATE|ONLINE|P12R|UnknownHost:7150|NA|NA|NA|NA|NA|1676143907539|P12RRLON.jar|
2023-02-11 19:31:47,566 [org.springframework.scheduling.quartz.SchedulerFactoryBean#0_Worker-1] |PERSIST|CREATE|ONLINE|P12R|UnknownHost:7150|NA|NA|NA|NA|NA|1676143907547|P12RRNMC.jar|
2023-02-11 19:31:47,616 [org.springframework.scheduling.quartz.SchedulerFactoryBean#0_Worker-1] |CRON|PROCESSING|BUNDLOR|QWJR|UnknownHost:7150|NA|NA|NA|NA|NA|359|REFRESH_LIBRARY_HANDLER|
2023-02-11 19:31:47,645 [org.springframework.scheduling.quartz.SchedulerFactoryBean#0_Worker-1] |CRON|PROCESSING|BUNDLOR|QWJR|UnknownHost:7150|NA|NA|NA|NA|NA|27|REFRESH_LIBRARY_BATCH_HANDLER|
2023-02-11 19:31:47,717 [org.springframework.scheduling.quartz.SchedulerFactoryBean#0_Worker-1] |CRON|PROCESSING|BUNDLOR|QWJR|UnknownHost:7150|NA|NA|NA|NA|NA|72|REFRESH_JOB_HANDLER|
2023-02-11 19:31:47,718 [org.springframework.scheduling.quartz.SchedulerFactoryBean#0_Worker-1] |CRON|FINISH|BUNDLOR|QWJR|UnknownHost:7150|NA|NA|NA|NA|NA|1676143907717|NA|
