2023-02-11 19:29:06,268 ERROR [ServerService Thread Pool -- 53] com.bbva.elara.bundlor.configuration.manager.ConfigurationManagerImpl - *********************************************************************
2023-02-11 19:29:06,271 ERROR [ServerService Thread Pool -- 53] com.bbva.elara.bundlor.configuration.manager.ConfigurationManagerImpl - **************** Starting APX Repository ****************************
2023-02-11 19:29:06,637 WARN  [ServerService Thread Pool -- 53] com.bbva.elara.bundlor.datasource.JndiDataSource - JNDI Username: xsqwjr1d
2023-02-11 19:29:06,638 WARN  [ServerService Thread Pool -- 53] com.bbva.elara.bundlor.datasource.JndiDataSource - JNDI Password found: true
2023-02-11 19:29:06,723 WARN  [ServerService Thread Pool -- 53] org.hibernate.ejb.HibernatePersistence - HHH015016: Encountered a deprecated javax.persistence.spi.PersistenceProvider [org.hibernate.ejb.HibernatePersistence]; use [org.hibernate.jpa.HibernatePersistenceProvider] instead.
2023-02-11 19:29:06,727 INFO  [ServerService Thread Pool -- 53] org.hibernate.jpa.internal.util.LogHelper - HHH000204: Processing PersistenceUnitInfo [
	name: bundlorPersistenceUnit
	...]
2023-02-11 19:29:06,831 INFO  [ServerService Thread Pool -- 53] org.hibernate.Version - HHH000412: Hibernate Core {5.0.0.Final}
2023-02-11 19:29:06,833 INFO  [ServerService Thread Pool -- 53] org.hibernate.cfg.Environment - HHH000206: hibernate.properties not found
2023-02-11 19:29:06,834 INFO  [ServerService Thread Pool -- 53] org.hibernate.cfg.Environment - HHH000021: Bytecode provider name : javassist
2023-02-11 19:29:06,897 INFO  [ServerService Thread Pool -- 53] org.hibernate.annotations.common.reflection.java.JavaReflectionManager - HCANN000001: Hibernate Commons Annotations {5.0.0.Final}
2023-02-11 19:29:08,508 INFO  [ServerService Thread Pool -- 53] org.hibernate.dialect.Dialect - HHH000400: Using dialect: org.hibernate.dialect.H2Dialect
2023-02-11 19:29:09,906 INFO  [ServerService Thread Pool -- 53] org.hibernate.hql.internal.QueryTranslatorFactoryInitiator - HHH000397: Using ASTQueryTranslatorFactory
2023-02-11 19:29:11,783 ERROR [ServerService Thread Pool -- 53] com.bbva.elara.bundlor.services.impl.EpsilonResourceServiceImpl - There was a problem loading certificate for connect with kernel
java.io.IOException: keystore password was incorrect
	at sun.security.pkcs12.PKCS12KeyStore.engineLoad(PKCS12KeyStore.java:2059)
	at java.security.KeyStore.load(KeyStore.java:1445)
	at com.bbva.elara.bundlor.services.impl.EpsilonResourceServiceImpl.createSSLContext(EpsilonResourceServiceImpl.java:309)
	at com.bbva.elara.bundlor.services.impl.EpsilonResourceServiceImpl.createRequestFactory(EpsilonResourceServiceImpl.java:270)
	at com.bbva.elara.bundlor.services.impl.EpsilonResourceServiceImpl.getRestTemplate(EpsilonResourceServiceImpl.java:259)
	at com.bbva.elara.bundlor.services.impl.EpsilonResourceServiceImpl.init(EpsilonResourceServiceImpl.java:73)
	at sun.reflect.NativeMethodAccessorImpl.invoke0(Native Method)
	at sun.reflect.NativeMethodAccessorImpl.invoke(NativeMethodAccessorImpl.java:62)
	at sun.reflect.DelegatingMethodAccessorImpl.invoke(DelegatingMethodAccessorImpl.java:43)
	at java.lang.reflect.Method.invoke(Method.java:498)
	at org.springframework.beans.factory.annotation.InitDestroyAnnotationBeanPostProcessor$LifecycleElement.invoke(InitDestroyAnnotationBeanPostProcessor.java:344)
	at org.springframework.beans.factory.annotation.InitDestroyAnnotationBeanPostProcessor$LifecycleMetadata.invokeInitMethods(InitDestroyAnnotationBeanPostProcessor.java:295)
	at org.springframework.beans.factory.annotation.InitDestroyAnnotationBeanPostProcessor.postProcessBeforeInitialization(InitDestroyAnnotationBeanPostProcessor.java:130)
	at org.springframework.beans.factory.support.AbstractAutowireCapableBeanFactory.applyBeanPostProcessorsBeforeInitialization(AbstractAutowireCapableBeanFactory.java:396)
	at org.springframework.beans.factory.support.AbstractAutowireCapableBeanFactory.initializeBean(AbstractAutowireCapableBeanFactory.java:1507)
	at org.springframework.beans.factory.support.AbstractAutowireCapableBeanFactory.doCreateBean(AbstractAutowireCapableBeanFactory.java:521)
	at org.springframework.beans.factory.support.AbstractAutowireCapableBeanFactory.createBean(AbstractAutowireCapableBeanFactory.java:458)
	at org.springframework.beans.factory.support.AbstractBeanFactory$1.getObject(AbstractBeanFactory.java:293)
	at org.springframework.beans.factory.support.DefaultSingletonBeanRegistry.getSingleton(DefaultSingletonBeanRegistry.java:223)
	at org.springframework.beans.factory.support.AbstractBeanFactory.doGetBean(AbstractBeanFactory.java:290)
	at org.springframework.beans.factory.support.AbstractBeanFactory.getBean(AbstractBeanFactory.java:191)
	at org.springframework.beans.factory.support.DefaultListableBeanFactory.preInstantiateSingletons(DefaultListableBeanFactory.java:636)
	at org.springframework.context.support.AbstractApplicationContext.finishBeanFactoryInitialization(AbstractApplicationContext.java:934)
	at org.springframework.context.support.AbstractApplicationContext.refresh(AbstractApplicationContext.java:479)
	at org.springframework.web.context.ContextLoader.configureAndRefreshWebApplicationContext(ContextLoader.java:410)
	at org.springframework.web.context.ContextLoader.initWebApplicationContext(ContextLoader.java:306)
	at org.springframework.web.context.ContextLoaderListener.contextInitialized(ContextLoaderListener.java:112)
	at org.apache.catalina.core.StandardContext.contextListenerStart(StandardContext.java:3339)
	at org.apache.catalina.core.StandardContext.start(StandardContext.java:3777)
	at org.jboss.as.web.deployment.WebDeploymentService.doStart(WebDeploymentService.java:156)
	at org.jboss.as.web.deployment.WebDeploymentService.access$000(WebDeploymentService.java:60)
	at org.jboss.as.web.deployment.WebDeploymentService$1.run(WebDeploymentService.java:93)
	at java.util.concurrent.Executors$RunnableAdapter.call(Executors.java:511)
	at java.util.concurrent.FutureTask.run(FutureTask.java:266)
	at java.util.concurrent.ThreadPoolExecutor.runWorker(ThreadPoolExecutor.java:1149)
	at java.util.concurrent.ThreadPoolExecutor$Worker.run(ThreadPoolExecutor.java:624)
	at java.lang.Thread.run(Thread.java:748)
	at org.jboss.threads.JBossThread.run(JBossThread.java:122)
Caused by: java.security.UnrecoverableKeyException: failed to decrypt safe contents entry: javax.crypto.BadPaddingException: Given final block not properly padded. Such issues can arise if a bad key is used during decryption.
	... 38 more
2023-02-11 19:29:13,658 INFO  [ServerService Thread Pool -- 53] org.apache.cxf.service.factory.ReflectionServiceFactoryBean - Creating Service {http://bundlor.elara.bbva.com}ApplicationJarFinderImplService from class com.bbva.elara.bundlor.ws.ApplicationJarFinder
2023-02-11 19:29:14,297 INFO  [ServerService Thread Pool -- 53] org.apache.cxf.endpoint.ServerImpl - Setting the server's publish address to be /getFile
2023-02-11 19:31:45,986 INFO  [org.springframework.scheduling.quartz.SchedulerFactoryBean#0_Worker-1] com.bbva.elara.bundlor.services.impl.ArchitectureLibraryServiceImpl - Library 'KPNKR001.jar' not found in database.
2023-02-11 19:31:46,052 INFO  [org.springframework.scheduling.quartz.SchedulerFactoryBean#0_Worker-1] com.bbva.elara.bundlor.services.impl.ArchitectureLibraryServiceImpl - Library 'KPNKR001.jar' will be persisted in database
2023-02-11 19:31:46,174 INFO  [org.springframework.scheduling.quartz.SchedulerFactoryBean#0_Worker-1] com.bbva.elara.bundlor.services.impl.ArchitectureLibraryServiceImpl - Library 'KPNKR001IMPL.jar' not found in database.
2023-02-11 19:31:46,539 INFO  [org.springframework.scheduling.quartz.SchedulerFactoryBean#0_Worker-1] com.bbva.elara.bundlor.services.impl.ArchitectureLibraryServiceImpl - Library 'KPNKR001IMPL.jar' will be persisted in database
2023-02-11 19:31:47,035 INFO  [org.springframework.scheduling.quartz.SchedulerFactoryBean#0_Worker-1] com.bbva.elara.bundlor.services.impl.BinaryServiceImpl - Binary 'P12RCLON.jar' not found in database.
2023-02-11 19:31:47,051 INFO  [org.springframework.scheduling.quartz.SchedulerFactoryBean#0_Worker-1] com.bbva.elara.bundlor.services.impl.BinaryServiceImpl - Binary 'com.bbva.elara.bundlor.domain.BinaryEntityPK@d5c7894c' will be added
2023-02-11 19:31:47,077 INFO  [org.springframework.scheduling.quartz.SchedulerFactoryBean#0_Worker-1] com.bbva.elara.bundlor.services.impl.BinaryServiceImpl - Binary 'P12RCNTF.jar' not found in database.
2023-02-11 19:31:47,089 INFO  [org.springframework.scheduling.quartz.SchedulerFactoryBean#0_Worker-1] com.bbva.elara.bundlor.services.impl.BinaryServiceImpl - Binary 'com.bbva.elara.bundlor.domain.BinaryEntityPK@a0624657' will be added
2023-02-11 19:31:47,095 INFO  [org.springframework.scheduling.quartz.SchedulerFactoryBean#0_Worker-1] com.bbva.elara.bundlor.services.impl.BinaryServiceImpl - Binary 'P12RCNMA.jar' not found in database.
2023-02-11 19:31:47,101 INFO  [org.springframework.scheduling.quartz.SchedulerFactoryBean#0_Worker-1] com.bbva.elara.bundlor.services.impl.BinaryServiceImpl - Binary 'com.bbva.elara.bundlor.domain.BinaryEntityPK@258e6c75' will be added
2023-02-11 19:31:47,104 INFO  [org.springframework.scheduling.quartz.SchedulerFactoryBean#0_Worker-1] com.bbva.elara.bundlor.services.impl.BinaryServiceImpl - Binary 'P12RCNMB.jar' not found in database.
2023-02-11 19:31:47,111 INFO  [org.springframework.scheduling.quartz.SchedulerFactoryBean#0_Worker-1] com.bbva.elara.bundlor.services.impl.BinaryServiceImpl - Binary 'com.bbva.elara.bundlor.domain.BinaryEntityPK@27434514' will be added
2023-02-11 19:31:47,175 INFO  [org.springframework.scheduling.quartz.SchedulerFactoryBean#0_Worker-1] com.bbva.elara.bundlor.services.impl.TransactionServiceImpl - Transaction 'P12RT501-01-PE.jar' not found in database.
2023-02-11 19:31:47,185 INFO  [org.springframework.scheduling.quartz.SchedulerFactoryBean#0_Worker-1] com.bbva.elara.bundlor.services.impl.TransactionServiceImpl - Transaction 'P12RT501-01-PE.jar' will be added
2023-02-11 19:31:47,192 INFO  [org.springframework.scheduling.quartz.SchedulerFactoryBean#0_Worker-1] com.bbva.elara.bundlor.services.impl.TransactionServiceImpl - Transaction 'P12RT666-01-PE.jar' not found in database.
2023-02-11 19:31:47,202 INFO  [org.springframework.scheduling.quartz.SchedulerFactoryBean#0_Worker-1] com.bbva.elara.bundlor.services.impl.TransactionServiceImpl - Transaction 'P12RT666-01-PE.jar' will be added
2023-02-11 19:31:47,209 INFO  [org.springframework.scheduling.quartz.SchedulerFactoryBean#0_Worker-1] com.bbva.elara.bundlor.services.impl.TransactionServiceImpl - Transaction 'QWPUT000-01-ES.jar' not found in database.
2023-02-11 19:31:47,236 INFO  [org.springframework.scheduling.quartz.SchedulerFactoryBean#0_Worker-1] com.bbva.elara.bundlor.services.impl.TransactionServiceImpl - Transaction 'QWPUT000-01-ES.jar' will be added
2023-02-11 19:31:47,335 INFO  [org.springframework.scheduling.quartz.SchedulerFactoryBean#0_Worker-1] com.bbva.elara.bundlor.services.impl.LibraryServiceImpl - Library 'P12RRNMBIMPL.jar' not found in database.
2023-02-11 19:31:47,363 INFO  [org.springframework.scheduling.quartz.SchedulerFactoryBean#0_Worker-1] com.bbva.elara.bundlor.services.impl.LibraryServiceImpl - Library 'P12RRNMBIMPL.jar' will be persisted in database
2023-02-11 19:31:47,374 INFO  [org.springframework.scheduling.quartz.SchedulerFactoryBean#0_Worker-1] com.bbva.elara.bundlor.services.impl.LibraryServiceImpl - Library 'P12RRNMCIMPL.jar' not found in database.
2023-02-11 19:31:47,389 INFO  [org.springframework.scheduling.quartz.SchedulerFactoryBean#0_Worker-1] com.bbva.elara.bundlor.services.impl.LibraryServiceImpl - Library 'P12RRNMCIMPL.jar' will be persisted in database
2023-02-11 19:31:47,407 INFO  [org.springframework.scheduling.quartz.SchedulerFactoryBean#0_Worker-1] com.bbva.elara.bundlor.services.impl.LibraryServiceImpl - Library 'P12RRNMO.jar' not found in database.
2023-02-11 19:31:47,422 INFO  [org.springframework.scheduling.quartz.SchedulerFactoryBean#0_Worker-1] com.bbva.elara.bundlor.services.impl.LibraryServiceImpl - Library 'P12RRNMO.jar' will be persisted in database
2023-02-11 19:31:47,430 INFO  [org.springframework.scheduling.quartz.SchedulerFactoryBean#0_Worker-1] com.bbva.elara.bundlor.services.impl.LibraryServiceImpl - Library 'P12RRNMAIMPL.jar' not found in database.
2023-02-11 19:31:47,447 INFO  [org.springframework.scheduling.quartz.SchedulerFactoryBean#0_Worker-1] com.bbva.elara.bundlor.services.impl.LibraryServiceImpl - Library 'P12RRNMAIMPL.jar' will be persisted in database
2023-02-11 19:31:47,454 INFO  [org.springframework.scheduling.quartz.SchedulerFactoryBean#0_Worker-1] com.bbva.elara.bundlor.services.impl.LibraryServiceImpl - Library 'P12RR501IMPL.jar' not found in database.
2023-02-11 19:31:47,468 INFO  [org.springframework.scheduling.quartz.SchedulerFactoryBean#0_Worker-1] com.bbva.elara.bundlor.services.impl.LibraryServiceImpl - Library 'P12RR501IMPL.jar' will be persisted in database
2023-02-11 19:31:47,471 INFO  [org.springframework.scheduling.quartz.SchedulerFactoryBean#0_Worker-1] com.bbva.elara.bundlor.services.impl.LibraryServiceImpl - Library 'P12RR501.jar' not found in database.
2023-02-11 19:31:47,477 INFO  [org.springframework.scheduling.quartz.SchedulerFactoryBean#0_Worker-1] com.bbva.elara.bundlor.services.impl.LibraryServiceImpl - Library 'P12RR501.jar' will be persisted in database
2023-02-11 19:31:47,482 INFO  [org.springframework.scheduling.quartz.SchedulerFactoryBean#0_Worker-1] com.bbva.elara.bundlor.services.impl.LibraryServiceImpl - Library 'P12RRLONIMPL.jar' not found in database.
2023-02-11 19:31:47,487 INFO  [org.springframework.scheduling.quartz.SchedulerFactoryBean#0_Worker-1] com.bbva.elara.bundlor.services.impl.LibraryServiceImpl - Library 'P12RRLONIMPL.jar' will be persisted in database
2023-02-11 19:31:47,490 INFO  [org.springframework.scheduling.quartz.SchedulerFactoryBean#0_Worker-1] com.bbva.elara.bundlor.services.impl.LibraryServiceImpl - Library 'P12RRNMOIMPL.jar' not found in database.
2023-02-11 19:31:47,498 INFO  [org.springframework.scheduling.quartz.SchedulerFactoryBean#0_Worker-1] com.bbva.elara.bundlor.services.impl.LibraryServiceImpl - Library 'P12RRNMOIMPL.jar' will be persisted in database
2023-02-11 19:31:47,506 INFO  [org.springframework.scheduling.quartz.SchedulerFactoryBean#0_Worker-1] com.bbva.elara.bundlor.services.impl.LibraryServiceImpl - Library 'P12RRNMA.jar' not found in database.
2023-02-11 19:31:47,513 INFO  [org.springframework.scheduling.quartz.SchedulerFactoryBean#0_Worker-1] com.bbva.elara.bundlor.services.impl.LibraryServiceImpl - Library 'P12RRNMA.jar' will be persisted in database
2023-02-11 19:31:47,522 INFO  [org.springframework.scheduling.quartz.SchedulerFactoryBean#0_Worker-1] com.bbva.elara.bundlor.services.impl.LibraryServiceImpl - Library 'P12RRNMB.jar' not found in database.
2023-02-11 19:31:47,527 INFO  [org.springframework.scheduling.quartz.SchedulerFactoryBean#0_Worker-1] com.bbva.elara.bundlor.services.impl.LibraryServiceImpl - Library 'P12RRNMB.jar' will be persisted in database
2023-02-11 19:31:47,530 INFO  [org.springframework.scheduling.quartz.SchedulerFactoryBean#0_Worker-1] com.bbva.elara.bundlor.services.impl.LibraryServiceImpl - Library 'P12RRLON.jar' not found in database.
2023-02-11 19:31:47,539 INFO  [org.springframework.scheduling.quartz.SchedulerFactoryBean#0_Worker-1] com.bbva.elara.bundlor.services.impl.LibraryServiceImpl - Library 'P12RRLON.jar' will be persisted in database
2023-02-11 19:31:47,543 INFO  [org.springframework.scheduling.quartz.SchedulerFactoryBean#0_Worker-1] com.bbva.elara.bundlor.services.impl.LibraryServiceImpl - Library 'P12RRNMC.jar' not found in database.
2023-02-11 19:31:47,547 INFO  [org.springframework.scheduling.quartz.SchedulerFactoryBean#0_Worker-1] com.bbva.elara.bundlor.services.impl.LibraryServiceImpl - Library 'P12RRNMC.jar' will be persisted in database
2023-02-11 19:31:47,703 INFO  [org.springframework.scheduling.quartz.SchedulerFactoryBean#0_Worker-1] com.bbva.elara.bundlor.services.impl.JobServiceImpl - Job 'QWPUJ950-01-ES.jar' not found in database.
2023-02-11 19:31:47,714 INFO  [org.springframework.scheduling.quartz.SchedulerFactoryBean#0_Worker-1] com.bbva.elara.bundlor.services.impl.JobServiceImpl - Job 'QWPUJ950-01-ES.jar' will be added
